  [1m[35mSQL (2.5ms)[0m  [1m[35mSET search_path TO public /*application='ImageGalleryApp'*/[0m
  [1m[35m (1070.2ms)[0m  [1m[35mCREATE DATABASE "image_gallery_app_development" ENCODING = 'unicode' /*application='ImageGalleryApp'*/[0m
  [1m[35mSQL (0.0ms)[0m  [1m[35mSET search_path TO public /*application='ImageGalleryApp'*/[0m
  [1m[35m (95.5ms)[0m  [1m[35mCREATE DATABASE "image_gallery_app_test" ENCODING = 'unicode' /*application='ImageGalleryApp'*/[0m
  [1m[35m (8.2ms)[0m  [1m[35mCREATE TABLE "schema_migrations" ("version" character varying NOT NULL PRIMARY KEY) /*application='ImageGalleryApp'*/[0m
  [1m[35m (7.6ms)[0m  [1m[35mCREATE TABLE "ar_internal_metadata" ("key" character varying NOT NULL PRIMARY KEY, "value" character varying, "created_at" timestamp(6) NOT NULL, "updated_at" timestamp(6) NOT NULL) /*application='ImageGalleryApp'*/[0m
  [1m[35m (0.4ms)[0m  [1m[34mSELECT pg_try_advisory_lock(1235243707265941170) /*application='ImageGalleryApp'*/[0m
  [1m[36mActiveRecord::SchemaMigration Load (1.3ms)[0m  [1m[34mSELECT "schema_migrations"."version" FROM "schema_migrations" ORDER BY "schema_migrations"."version" ASC /*application='ImageGalleryApp'*/[0m
  [1m[36mActiveRecord::InternalMetadata Load (5.3ms)[0m  [1m[34mSELECT * FROM "ar_internal_metadata" WHERE "ar_internal_metadata"."key" = 'environment' ORDER BY "ar_internal_metadata"."key" ASC LIMIT 1 /*application='ImageGalleryApp'*/[0m
  [1m[36mActiveRecord::InternalMetadata Create (7.9ms)[0m  [1m[32mINSERT INTO "ar_internal_metadata" ("key", "value", "created_at", "updated_at") VALUES ('environment', 'development', '2025-08-22 12:27:49.186327', '2025-08-22 12:27:49.186333') RETURNING "key" /*application='ImageGalleryApp'*/[0m
Migrating to DeviseCreateUsers (20250822112522)
  [1m[36mTRANSACTION (0.1ms)[0m  [1m[35mBEGIN /*application='ImageGalleryApp'*/[0m
  [1m[35m (19.7ms)[0m  [1m[35mCREATE TABLE "users" ("id" bigserial primary key, "email" character varying DEFAULT '' NOT NULL, "encrypted_password" character varying DEFAULT '' NOT NULL, "reset_password_token" character varying, "reset_password_sent_at" timestamp(6), "remember_created_at" timestamp(6), "created_at" timestamp(6) NOT NULL, "updated_at" timestamp(6) NOT NULL) /*application='ImageGalleryApp'*/[0m
  [1m[35m (0.9ms)[0m  [1m[35mCREATE UNIQUE INDEX "index_users_on_email" ON "users" ("email") /*application='ImageGalleryApp'*/[0m
  [1m[35m (0.9ms)[0m  [1m[35mCREATE UNIQUE INDEX "index_users_on_reset_password_token" ON "users" ("reset_password_token") /*application='ImageGalleryApp'*/[0m
  [1m[36mActiveRecord::SchemaMigration Create (0.5ms)[0m  [1m[32mINSERT INTO "schema_migrations" ("version") VALUES ('20250822112522') RETURNING "version" /*application='ImageGalleryApp'*/[0m
  [1m[36mTRANSACTION (0.4ms)[0m  [1m[35mCOMMIT /*application='ImageGalleryApp'*/[0m
Migrating to AddDeviseToUsers (20250822122730)
  [1m[36mTRANSACTION (0.5ms)[0m  [1m[35mBEGIN /*application='ImageGalleryApp'*/[0m
  [1m[35m (5.5ms)[0m  [1m[35mALTER TABLE "users" ADD "email" character varying DEFAULT '' NOT NULL /*application='ImageGalleryApp'*/[0m
  [1m[36mTRANSACTION (0.1ms)[0m  [1m[31mROLLBACK /*application='ImageGalleryApp'*/[0m
  [1m[35m (0.2ms)[0m  [1m[34mSELECT pg_advisory_unlock(1235243707265941170) /*application='ImageGalleryApp'*/[0m
  [1m[36mActiveRecord::SchemaMigration Load (5.4ms)[0m  [1m[34mSELECT "schema_migrations"."version" FROM "schema_migrations" ORDER BY "schema_migrations"."version" ASC /*application='ImageGalleryApp'*/[0m
  [1m[36mActiveRecord::SchemaMigration Load (0.8ms)[0m  [1m[34mSELECT "schema_migrations"."version" FROM "schema_migrations" ORDER BY "schema_migrations"."version" ASC /*application='ImageGalleryApp'*/[0m
  [1m[36mActiveRecord::SchemaMigration Load (0.8ms)[0m  [1m[34mSELECT "schema_migrations"."version" FROM "schema_migrations" ORDER BY "schema_migrations"."version" ASC /*application='ImageGalleryApp'*/[0m
  [1m[35mSQL (0.3ms)[0m  [1m[35mSET search_path TO public /*application='ImageGalleryApp'*/[0m
  [1m[35m (41.2ms)[0m  [1m[35mCREATE DATABASE "image_gallery_app_development" ENCODING = 'unicode' /*application='ImageGalleryApp'*/[0m
  [1m[35mSQL (0.1ms)[0m  [1m[35mSET search_path TO public /*application='ImageGalleryApp'*/[0m
  [1m[35m (14.4ms)[0m  [1m[35mCREATE DATABASE "image_gallery_app_test" ENCODING = 'unicode' /*application='ImageGalleryApp'*/[0m
  [1m[35m (4.9ms)[0m  [1m[34mSELECT pg_try_advisory_lock(1235243707265941170) /*application='ImageGalleryApp'*/[0m
  [1m[36mActiveRecord::SchemaMigration Load (1.1ms)[0m  [1m[34mSELECT "schema_migrations"."version" FROM "schema_migrations" ORDER BY "schema_migrations"."version" ASC /*application='ImageGalleryApp'*/[0m
  [1m[36mActiveRecord::InternalMetadata Load (7.4ms)[0m  [1m[34mSELECT * FROM "ar_internal_metadata" WHERE "ar_internal_metadata"."key" = 'environment' ORDER BY "ar_internal_metadata"."key" ASC LIMIT 1 /*application='ImageGalleryApp'*/[0m
  [1m[35m (0.2ms)[0m  [1m[34mSELECT pg_advisory_unlock(1235243707265941170) /*application='ImageGalleryApp'*/[0m
  [1m[36mActiveRecord::SchemaMigration Load (0.2ms)[0m  [1m[34mSELECT "schema_migrations"."version" FROM "schema_migrations" ORDER BY "schema_migrations"."version" ASC /*application='ImageGalleryApp'*/[0m
  [1m[35m (0.2ms)[0m  [1m[34mSELECT pg_try_advisory_lock(1235243707265941170) /*application='ImageGalleryApp'*/[0m
  [1m[36mActiveRecord::SchemaMigration Load (1.0ms)[0m  [1m[34mSELECT "schema_migrations"."version" FROM "schema_migrations" ORDER BY "schema_migrations"."version" ASC /*application='ImageGalleryApp'*/[0m
  [1m[36mActiveRecord::InternalMetadata Load (1.1ms)[0m  [1m[34mSELECT * FROM "ar_internal_metadata" WHERE "ar_internal_metadata"."key" = 'environment' ORDER BY "ar_internal_metadata"."key" ASC LIMIT 1 /*application='ImageGalleryApp'*/[0m
  [1m[35m (0.1ms)[0m  [1m[34mSELECT pg_advisory_unlock(1235243707265941170) /*application='ImageGalleryApp'*/[0m
  [1m[36mActiveRecord::SchemaMigration Load (0.1ms)[0m  [1m[34mSELECT "schema_migrations"."version" FROM "schema_migrations" ORDER BY "schema_migrations"."version" ASC /*application='ImageGalleryApp'*/[0m
  [1m[36mActiveRecord::SchemaMigration Load (6.3ms)[0m  [1m[34mSELECT "schema_migrations"."version" FROM "schema_migrations" ORDER BY "schema_migrations"."version" ASC /*application='ImageGalleryApp'*/[0m
  [1m[36mTRANSACTION (0.5ms)[0m  [1m[35mBEGIN /*application='ImageGalleryApp'*/[0m
  [1m[36mUser Exists? (16.4ms)[0m  [1m[34mSELECT 1 AS one FROM "users" WHERE "users"."email" = 'test@example.com' LIMIT 1 /*application='ImageGalleryApp'*/[0m
  [1m[36mUser Create (7.4ms)[0m  [1m[32mINSERT INTO "users" ("email", "encrypted_password", "reset_password_token", "reset_password_sent_at", "remember_created_at", "created_at", "updated_at") VALUES ('test@example.com', '$2a$12$Ks2I4q0suYAwV6YZSgYvWeONbL2LA9mlaPdCnVDyyMFaGd7uQuJBa', NULL, NULL, NULL, '2025-08-22 12:49:52.625920', '2025-08-22 12:49:52.625920') RETURNING "id" /*application='ImageGalleryApp'*/[0m
  [1m[36mTRANSACTION (0.8ms)[0m  [1m[35mCOMMIT /*application='ImageGalleryApp'*/[0m
  [1m[36mUser Count (4.7ms)[0m  [1m[34mSELECT COUNT(*) FROM "users" /*application='ImageGalleryApp'*/[0m
  [1m[36mActiveRecord::SchemaMigration Load (1.4ms)[0m  [1m[34mSELECT "schema_migrations"."version" FROM "schema_migrations" ORDER BY "schema_migrations"."version" ASC /*application='ImageGalleryApp'*/[0m
Started GET "/" for 127.0.0.1 at 2025-08-22 13:59:06 +0100
  [1m[36mActiveRecord::SchemaMigration Load (9.7ms)[0m  [1m[34mSELECT "schema_migrations"."version" FROM "schema_migrations" ORDER BY "schema_migrations"."version" ASC /*application='ImageGalleryApp'*/[0m
Processing by Rails::WelcomeController#index as HTML
  Rendering /Users/ediks/.rbenv/versions/3.2.2/lib/ruby/gems/3.2.0/gems/railties-8.0.2.1/lib/rails/templates/rails/welcome/index.html.erb
  Rendered /Users/ediks/.rbenv/versions/3.2.2/lib/ruby/gems/3.2.0/gems/railties-8.0.2.1/lib/rails/templates/rails/welcome/index.html.erb (Duration: 0.6ms | GC: 0.1ms)
Completed 200 OK in 1427ms (Views: 8.7ms | ActiveRecord: 0.0ms (0 queries, 0 cached) | GC: 135.7ms)


Started GET "/login" for 127.0.0.1 at 2025-08-22 13:59:35 +0100
  
ActionController::RoutingError (No route matches [GET] "/login"):
  
Started GET "/login" for 127.0.0.1 at 2025-08-22 13:59:37 +0100
  
ActionController::RoutingError (No route matches [GET] "/login"):
  
Started GET "/" for 127.0.0.1 at 2025-08-22 13:59:45 +0100
Processing by Rails::WelcomeController#index as HTML
  Rendering /Users/ediks/.rbenv/versions/3.2.2/lib/ruby/gems/3.2.0/gems/railties-8.0.2.1/lib/rails/templates/rails/welcome/index.html.erb
  Rendered /Users/ediks/.rbenv/versions/3.2.2/lib/ruby/gems/3.2.0/gems/railties-8.0.2.1/lib/rails/templates/rails/welcome/index.html.erb (Duration: 5.3ms | GC: 0.0ms)
Completed 200 OK in 14ms (Views: 8.1ms | ActiveRecord: 0.0ms (0 queries, 0 cached) | GC: 0.0ms)


Started GET "/users/sign_up" for ::1 at 2025-08-22 14:00:42 +0100
Processing by Devise::RegistrationsController#new as HTML
  Rendering layout layouts/application.html.erb
  Rendering /Users/ediks/.rbenv/versions/3.2.2/lib/ruby/gems/3.2.0/gems/devise-4.9.4/app/views/devise/registrations/new.html.erb within layouts/application
  Rendered /Users/ediks/.rbenv/versions/3.2.2/lib/ruby/gems/3.2.0/gems/devise-4.9.4/app/views/devise/shared/_error_messages.html.erb (Duration: 0.4ms | GC: 0.0ms)
  Rendered /Users/ediks/.rbenv/versions/3.2.2/lib/ruby/gems/3.2.0/gems/devise-4.9.4/app/views/devise/shared/_links.html.erb (Duration: 0.6ms | GC: 0.0ms)
  Rendered /Users/ediks/.rbenv/versions/3.2.2/lib/ruby/gems/3.2.0/gems/devise-4.9.4/app/views/devise/registrations/new.html.erb within layouts/application (Duration: 17.1ms | GC: 0.5ms)
  Rendered layout layouts/application.html.erb (Duration: 25.4ms | GC: 0.5ms)
Completed 500 Internal Server Error in 331ms (ActiveRecord: 209.6ms (0 queries, 0 cached) | GC: 5.6ms)


  
ActionView::Template::Error (The asset "app.css" is not present in the asset pipeline.
)
Caused by: Sprockets::Rails::Helper::AssetNotFound (The asset "app.css" is not present in the asset pipeline.
)

Information for: ActionView::Template::Error (The asset "app.css" is not present in the asset pipeline.
):
    18:     <link rel="apple-touch-icon" href="/icon.png">
    19: 
    20:     <%# Includes all stylesheet files in app/assets/stylesheets %>
    21:     <%= stylesheet_link_tag :app, "data-turbo-track": "reload" %>
    22:     <%= javascript_importmap_tags %>
    23:   </head>
    24: 
  
app/views/layouts/application.html.erb:21

Information for cause: Sprockets::Rails::Helper::AssetNotFound (The asset "app.css" is not present in the asset pipeline.
):
  
app/views/layouts/application.html.erb:21
Started GET "/favicon.ico" for ::1 at 2025-08-22 14:00:44 +0100
  
ActionController::RoutingError (No route matches [GET] "/favicon.ico"):
  
  [1m[36mTRANSACTION (0.3ms)[0m  [1m[35mBEGIN /*application='ImageGalleryApp'*/[0m
  [1m[36mUser Exists? (18.0ms)[0m  [1m[34mSELECT 1 AS one FROM "users" WHERE "users"."email" = 'test@example.com' LIMIT 1 /*application='ImageGalleryApp'*/[0m
  [1m[36mTRANSACTION (8.4ms)[0m  [1m[31mROLLBACK /*application='ImageGalleryApp'*/[0m
  [1m[36mTRANSACTION (2.3ms)[0m  [1m[35mBEGIN /*application='ImageGalleryApp'*/[0m
  [1m[36mUser Exists? (4.5ms)[0m  [1m[34mSELECT 1 AS one FROM "users" WHERE "users"."email" = 'test@example.com' LIMIT 1 /*application='ImageGalleryApp'*/[0m
  [1m[36mTRANSACTION (0.2ms)[0m  [1m[31mROLLBACK /*application='ImageGalleryApp'*/[0m
  [1m[36mTRANSACTION (0.1ms)[0m  [1m[35mBEGIN /*application='ImageGalleryApp'*/[0m
  [1m[36mUser Exists? (6.9ms)[0m  [1m[34mSELECT 1 AS one FROM "users" WHERE "users"."email" = 'edikansam1@gmail.com' LIMIT 1 /*application='ImageGalleryApp'*/[0m
  [1m[36mUser Create (5.4ms)[0m  [1m[32mINSERT INTO "users" ("email", "encrypted_password", "reset_password_token", "reset_password_sent_at", "remember_created_at", "created_at", "updated_at") VALUES ('edikansam1@gmail.com', '$2a$12$wzyZFiTarTw55Bx1X8dQNe4o9h8JWwaM0SUq.fNsq5YIxhbzdkrTy', NULL, NULL, NULL, '2025-08-22 13:10:38.680418', '2025-08-22 13:10:38.680418') RETURNING "id" /*application='ImageGalleryApp'*/[0m
  [1m[36mTRANSACTION (1.1ms)[0m  [1m[35mCOMMIT /*application='ImageGalleryApp'*/[0m
Started GET "/login" for 127.0.0.1 at 2025-08-22 14:37:31 +0100
  
ActionController::RoutingError (No route matches [GET] "/login"):
  
Started GET "/login" for 127.0.0.1 at 2025-08-22 14:37:32 +0100
  
ActionController::RoutingError (No route matches [GET] "/login"):
  
Started GET "/signup" for 127.0.0.1 at 2025-08-22 14:37:41 +0100
  
ActionController::RoutingError (No route matches [GET] "/signup"):
  
  [1m[36mUser Exists? (13.7ms)[0m  [1m[34mSELECT 1 AS one FROM "users" WHERE "users"."email" = 'invalid-email' LIMIT 1 /*application='ImageGalleryApp'*/[0m
  [1m[36mUser Exists? (6.9ms)[0m  [1m[34mSELECT 1 AS one FROM "users" WHERE "users"."email" = 'valid@example.com' LIMIT 1 /*application='ImageGalleryApp'*/[0m
  [1m[36mCACHE ActiveRecord::SchemaMigration Load (0.1ms)[0m  [1m[34mSELECT "schema_migrations"."version" FROM "schema_migrations" ORDER BY "schema_migrations"."version" ASC[0m
  [1m[36mCACHE ActiveRecord::SchemaMigration Load (0.0ms)[0m  [1m[34mSELECT "schema_migrations"."version" FROM "schema_migrations" ORDER BY "schema_migrations"."version" ASC[0m
  [1m[35m (5.2ms)[0m  [1m[34mSELECT pg_try_advisory_lock(1235243707265941170) /*application='ImageGalleryApp'*/[0m
  [1m[36mActiveRecord::SchemaMigration Load (7.0ms)[0m  [1m[34mSELECT "schema_migrations"."version" FROM "schema_migrations" ORDER BY "schema_migrations"."version" ASC /*application='ImageGalleryApp'*/[0m
  [1m[36mActiveRecord::InternalMetadata Load (5.6ms)[0m  [1m[34mSELECT * FROM "ar_internal_metadata" WHERE "ar_internal_metadata"."key" = 'environment' ORDER BY "ar_internal_metadata"."key" ASC LIMIT 1 /*application='ImageGalleryApp'*/[0m
Migrating to CreateGalleries (20250822134644)
  [1m[36mTRANSACTION (0.2ms)[0m  [1m[35mBEGIN /*application='ImageGalleryApp'*/[0m
  [1m[35m (43.2ms)[0m  [1m[35mCREATE TABLE "galleries" ("id" bigserial primary key, "title" character varying, "description" text, "user_id" bigint NOT NULL, "status" integer, "views_count" integer, "likes_count" integer, "photos_count" integer, "created_at" timestamp(6) NOT NULL, "updated_at" timestamp(6) NOT NULL, CONSTRAINT "fk_rails_05f824a025"
FOREIGN KEY ("user_id")
  REFERENCES "users" ("id")
) /*application='ImageGalleryApp'*/[0m
  [1m[35m (1.2ms)[0m  [1m[35mCREATE INDEX "index_galleries_on_user_id" ON "galleries" ("user_id") /*application='ImageGalleryApp'*/[0m
  [1m[36mActiveRecord::SchemaMigration Create (0.3ms)[0m  [1m[32mINSERT INTO "schema_migrations" ("version") VALUES ('20250822134644') RETURNING "version" /*application='ImageGalleryApp'*/[0m
  [1m[36mTRANSACTION (0.7ms)[0m  [1m[35mCOMMIT /*application='ImageGalleryApp'*/[0m
Migrating to CreatePhotos (20250822134728)
  [1m[36mTRANSACTION (0.5ms)[0m  [1m[35mBEGIN /*application='ImageGalleryApp'*/[0m
  [1m[35m (9.7ms)[0m  [1m[35mCREATE TABLE "photos" ("id" bigserial primary key, "title" character varying, "description" text, "gallery_id" bigint NOT NULL, "likes_count" integer, "created_at" timestamp(6) NOT NULL, "updated_at" timestamp(6) NOT NULL, CONSTRAINT "fk_rails_2e5d9f85e5"
FOREIGN KEY ("gallery_id")
  REFERENCES "galleries" ("id")
) /*application='ImageGalleryApp'*/[0m
  [1m[35m (1.2ms)[0m  [1m[35mCREATE INDEX "index_photos_on_gallery_id" ON "photos" ("gallery_id") /*application='ImageGalleryApp'*/[0m
  [1m[36mActiveRecord::SchemaMigration Create (0.2ms)[0m  [1m[32mINSERT INTO "schema_migrations" ("version") VALUES ('20250822134728') RETURNING "version" /*application='ImageGalleryApp'*/[0m
  [1m[36mTRANSACTION (0.3ms)[0m  [1m[35mCOMMIT /*application='ImageGalleryApp'*/[0m
  [1m[35m (0.6ms)[0m  [1m[34mSELECT pg_advisory_unlock(1235243707265941170) /*application='ImageGalleryApp'*/[0m
  [1m[36mActiveRecord::SchemaMigration Load (0.1ms)[0m  [1m[34mSELECT "schema_migrations"."version" FROM "schema_migrations" ORDER BY "schema_migrations"."version" ASC /*application='ImageGalleryApp'*/[0m
  [1m[36mUser Load (6.2ms)[0m  [1m[34mSELECT "users".* FROM "users" ORDER BY "users"."id" ASC LIMIT 1 /*application='ImageGalleryApp'*/[0m
Started GET "/" for 127.0.0.1 at 2025-08-22 14:55:50 +0100
  [1m[36mActiveRecord::SchemaMigration Load (6.5ms)[0m  [1m[34mSELECT "schema_migrations"."version" FROM "schema_migrations" ORDER BY "schema_migrations"."version" ASC /*application='ImageGalleryApp'*/[0m
Processing by Rails::WelcomeController#index as HTML
  Rendering /Users/ediks/.rbenv/versions/3.2.2/lib/ruby/gems/3.2.0/gems/railties-8.0.2.1/lib/rails/templates/rails/welcome/index.html.erb
  Rendered /Users/ediks/.rbenv/versions/3.2.2/lib/ruby/gems/3.2.0/gems/railties-8.0.2.1/lib/rails/templates/rails/welcome/index.html.erb (Duration: 7.1ms | GC: 0.0ms)
Completed 200 OK in 23ms (Views: 12.1ms | ActiveRecord: 0.0ms (0 queries, 0 cached) | GC: 0.0ms)


Started GET "/" for 127.0.0.1 at 2025-08-22 15:14:25 +0100
Processing by GalleriesController#index as HTML
Completed 500 Internal Server Error in 77ms (ActiveRecord: 0.0ms (0 queries, 0 cached) | GC: 3.5ms)


  
ArgumentError (wrong number of arguments (given 0, expected 1..2)):
  
app/models/gallery.rb:10:in `<class:Gallery>'
app/models/gallery.rb:1:in `<main>'
app/controllers/galleries_controller.rb:7:in `index'
Started GET "/" for 127.0.0.1 at 2025-08-22 15:16:27 +0100
Processing by GalleriesController#index as HTML
Completed 500 Internal Server Error in 12ms (ActiveRecord: 0.0ms (0 queries, 0 cached) | GC: 2.3ms)


  
ArgumentError (wrong number of arguments (given 0, expected 1..2)):
  
app/models/gallery.rb:10:in `<class:Gallery>'
app/models/gallery.rb:1:in `<main>'
app/controllers/galleries_controller.rb:7:in `index'
Started GET "/" for 127.0.0.1 at 2025-08-22 15:16:58 +0100
Processing by GalleriesController#index as HTML
Completed 500 Internal Server Error in 10ms (ActiveRecord: 0.0ms (0 queries, 0 cached) | GC: 0.6ms)


  
ArgumentError (wrong number of arguments (given 0, expected 1..2)):
  
app/models/gallery.rb:10:in `<class:Gallery>'
app/models/gallery.rb:1:in `<main>'
app/controllers/galleries_controller.rb:7:in `index'
Started GET "/" for 127.0.0.1 at 2025-08-22 15:18:21 +0100
Processing by GalleriesController#index as HTML
Completed 500 Internal Server Error in 10ms (ActiveRecord: 0.0ms (0 queries, 0 cached) | GC: 1.0ms)


  
ArgumentError (You tried to define an enum named "status" on the model "Gallery", but this will generate a class method "private", which is already defined by Active Record.):
  
app/models/gallery.rb:10:in `<class:Gallery>'
app/models/gallery.rb:1:in `<main>'
app/controllers/galleries_controller.rb:7:in `index'
Started GET "/" for 127.0.0.1 at 2025-08-22 15:19:00 +0100
Processing by GalleriesController#index as HTML
Completed 500 Internal Server Error in 4ms (ActiveRecord: 0.0ms (0 queries, 0 cached) | GC: 0.5ms)


  
ArgumentError (You tried to define an enum named "status" on the model "Gallery", but this will generate a class method "private", which is already defined by Active Record.):
  
app/models/gallery.rb:10:in `<class:Gallery>'
app/models/gallery.rb:1:in `<main>'
app/controllers/galleries_controller.rb:7:in `index'
Started GET "/" for 127.0.0.1 at 2025-08-22 15:20:35 +0100
Processing by GalleriesController#index as HTML
  Rendering layout layouts/application.html.erb
  Rendering galleries/index.html.erb within layouts/application
  [1m[36mGallery Load (20.4ms)[0m  [1m[34mSELECT "galleries".* FROM "galleries" WHERE "galleries"."status" = 1 ORDER BY "galleries"."created_at" DESC /*action='index',application='ImageGalleryApp',controller='galleries'*/[0m
  ↳ app/views/galleries/index.html.erb:9
  Rendered galleries/index.html.erb within layouts/application (Duration: 57.9ms | GC: 3.1ms)
  Rendered layout layouts/application.html.erb (Duration: 2289.8ms | GC: 69.9ms)
Completed 500 Internal Server Error in 4503ms (ActiveRecord: 748.8ms (1 query, 0 cached) | GC: 84.4ms)


  
ActionView::Template::Error (link_tree argument must be a directory)
Caused by: Sprockets::ArgumentError (link_tree argument must be a directory)

Information for: ActionView::Template::Error (link_tree argument must be a directory):
  
sprockets (4.2.2) lib/sprockets/directive_processor.rb:407:in `expand_relative_dirname'
sprockets (4.2.2) lib/sprockets/directive_processor.rb:359:in `process_link_tree_directive'
sprockets (4.2.2) lib/sprockets/directive_processor.rb:189:in `block in process_directives'
sprockets (4.2.2) lib/sprockets/directive_processor.rb:187:in `each'
sprockets (4.2.2) lib/sprockets/directive_processor.rb:187:in `process_directives'
sprockets (4.2.2) lib/sprockets/directive_processor.rb:84:in `_call'
sprockets (4.2.2) lib/sprockets/directive_processor.rb:65:in `call'
sprockets (4.2.2) lib/sprockets/processor_utils.rb:84:in `call_processor'
sprockets (4.2.2) lib/sprockets/processor_utils.rb:66:in `block in call_processors'
sprockets (4.2.2) lib/sprockets/processor_utils.rb:65:in `reverse_each'
sprockets (4.2.2) lib/sprockets/processor_utils.rb:65:in `call_processors'
sprockets (4.2.2) lib/sprockets/loader.rb:184:in `load_from_unloaded'
sprockets (4.2.2) lib/sprockets/loader.rb:59:in `block in load'
sprockets (4.2.2) lib/sprockets/loader.rb:339:in `fetch_asset_from_dependency_cache'
sprockets (4.2.2) lib/sprockets/loader.rb:43:in `load'
sprockets (4.2.2) lib/sprockets/cached_environment.rb:44:in `block in load'
concurrent-ruby (1.3.5) lib/concurrent-ruby/concurrent/map.rb:207:in `block in fetch_or_store'
concurrent-ruby (1.3.5) lib/concurrent-ruby/concurrent/map.rb:187:in `fetch'
concurrent-ruby (1.3.5) lib/concurrent-ruby/concurrent/map.rb:206:in `fetch_or_store'
sprockets (4.2.2) lib/sprockets/cached_environment.rb:44:in `load'
sprockets (4.2.2) lib/sprockets/bundle.rb:27:in `call'
sprockets (4.2.2) lib/sprockets/processor_utils.rb:84:in `call_processor'
sprockets (4.2.2) lib/sprockets/processor_utils.rb:66:in `block in call_processors'
sprockets (4.2.2) lib/sprockets/processor_utils.rb:65:in `reverse_each'
sprockets (4.2.2) lib/sprockets/processor_utils.rb:65:in `call_processors'
sprockets (4.2.2) lib/sprockets/loader.rb:184:in `load_from_unloaded'
sprockets (4.2.2) lib/sprockets/loader.rb:59:in `block in load'
sprockets (4.2.2) lib/sprockets/loader.rb:339:in `fetch_asset_from_dependency_cache'
sprockets (4.2.2) lib/sprockets/loader.rb:43:in `load'
sprockets (4.2.2) lib/sprockets/cached_environment.rb:44:in `block in load'
concurrent-ruby (1.3.5) lib/concurrent-ruby/concurrent/map.rb:207:in `block in fetch_or_store'
concurrent-ruby (1.3.5) lib/concurrent-ruby/concurrent/map.rb:187:in `fetch'
concurrent-ruby (1.3.5) lib/concurrent-ruby/concurrent/map.rb:206:in `fetch_or_store'
sprockets (4.2.2) lib/sprockets/cached_environment.rb:44:in `load'
sprockets (4.2.2) lib/sprockets/base.rb:81:in `find_asset'
sprockets (4.2.2) lib/sprockets/base.rb:88:in `find_all_linked_assets'
sprockets (4.2.2) lib/sprockets/manifest.rb:125:in `each'
sprockets (4.2.2) lib/sprockets/manifest.rb:125:in `to_a'
sprockets (4.2.2) lib/sprockets/manifest.rb:125:in `block (2 levels) in find'
concurrent-ruby (1.3.5) lib/concurrent-ruby/concurrent/executor/safe_task_executor.rb:24:in `block in execute'
concurrent-ruby (1.3.5) lib/concurrent-ruby/concurrent/synchronization/mutex_lockable_object.rb:48:in `block in synchronize'
concurrent-ruby (1.3.5) lib/concurrent-ruby/concurrent/synchronization/mutex_lockable_object.rb:48:in `synchronize'
concurrent-ruby (1.3.5) lib/concurrent-ruby/concurrent/synchronization/mutex_lockable_object.rb:48:in `synchronize'
concurrent-ruby (1.3.5) lib/concurrent-ruby/concurrent/executor/safe_task_executor.rb:22:in `execute'
concurrent-ruby (1.3.5) lib/concurrent-ruby/concurrent/promise.rb:564:in `block in realize'
concurrent-ruby (1.3.5) lib/concurrent-ruby/concurrent/executor/ruby_thread_pool_executor.rb:359:in `run_task'
concurrent-ruby (1.3.5) lib/concurrent-ruby/concurrent/executor/ruby_thread_pool_executor.rb:350:in `block (3 levels) in create_worker'
concurrent-ruby (1.3.5) lib/concurrent-ruby/concurrent/executor/ruby_thread_pool_executor.rb:341:in `loop'
concurrent-ruby (1.3.5) lib/concurrent-ruby/concurrent/executor/ruby_thread_pool_executor.rb:341:in `block (2 levels) in create_worker'
concurrent-ruby (1.3.5) lib/concurrent-ruby/concurrent/executor/ruby_thread_pool_executor.rb:340:in `catch'
concurrent-ruby (1.3.5) lib/concurrent-ruby/concurrent/executor/ruby_thread_pool_executor.rb:340:in `block in create_worker'

Information for cause: Sprockets::ArgumentError (link_tree argument must be a directory):
  
sprockets (4.2.2) lib/sprockets/directive_processor.rb:407:in `expand_relative_dirname'
sprockets (4.2.2) lib/sprockets/directive_processor.rb:359:in `process_link_tree_directive'
sprockets (4.2.2) lib/sprockets/directive_processor.rb:189:in `block in process_directives'
sprockets (4.2.2) lib/sprockets/directive_processor.rb:187:in `each'
sprockets (4.2.2) lib/sprockets/directive_processor.rb:187:in `process_directives'
sprockets (4.2.2) lib/sprockets/directive_processor.rb:84:in `_call'
sprockets (4.2.2) lib/sprockets/directive_processor.rb:65:in `call'
sprockets (4.2.2) lib/sprockets/processor_utils.rb:84:in `call_processor'
sprockets (4.2.2) lib/sprockets/processor_utils.rb:66:in `block in call_processors'
sprockets (4.2.2) lib/sprockets/processor_utils.rb:65:in `reverse_each'
sprockets (4.2.2) lib/sprockets/processor_utils.rb:65:in `call_processors'
sprockets (4.2.2) lib/sprockets/loader.rb:184:in `load_from_unloaded'
sprockets (4.2.2) lib/sprockets/loader.rb:59:in `block in load'
sprockets (4.2.2) lib/sprockets/loader.rb:339:in `fetch_asset_from_dependency_cache'
sprockets (4.2.2) lib/sprockets/loader.rb:43:in `load'
sprockets (4.2.2) lib/sprockets/cached_environment.rb:44:in `block in load'
concurrent-ruby (1.3.5) lib/concurrent-ruby/concurrent/map.rb:207:in `block in fetch_or_store'
concurrent-ruby (1.3.5) lib/concurrent-ruby/concurrent/map.rb:187:in `fetch'
concurrent-ruby (1.3.5) lib/concurrent-ruby/concurrent/map.rb:206:in `fetch_or_store'
sprockets (4.2.2) lib/sprockets/cached_environment.rb:44:in `load'
sprockets (4.2.2) lib/sprockets/bundle.rb:27:in `call'
sprockets (4.2.2) lib/sprockets/processor_utils.rb:84:in `call_processor'
sprockets (4.2.2) lib/sprockets/processor_utils.rb:66:in `block in call_processors'
sprockets (4.2.2) lib/sprockets/processor_utils.rb:65:in `reverse_each'
sprockets (4.2.2) lib/sprockets/processor_utils.rb:65:in `call_processors'
sprockets (4.2.2) lib/sprockets/loader.rb:184:in `load_from_unloaded'
sprockets (4.2.2) lib/sprockets/loader.rb:59:in `block in load'
sprockets (4.2.2) lib/sprockets/loader.rb:339:in `fetch_asset_from_dependency_cache'
sprockets (4.2.2) lib/sprockets/loader.rb:43:in `load'
sprockets (4.2.2) lib/sprockets/cached_environment.rb:44:in `block in load'
concurrent-ruby (1.3.5) lib/concurrent-ruby/concurrent/map.rb:207:in `block in fetch_or_store'
concurrent-ruby (1.3.5) lib/concurrent-ruby/concurrent/map.rb:187:in `fetch'
concurrent-ruby (1.3.5) lib/concurrent-ruby/concurrent/map.rb:206:in `fetch_or_store'
sprockets (4.2.2) lib/sprockets/cached_environment.rb:44:in `load'
sprockets (4.2.2) lib/sprockets/base.rb:81:in `find_asset'
sprockets (4.2.2) lib/sprockets/base.rb:88:in `find_all_linked_assets'
sprockets (4.2.2) lib/sprockets/manifest.rb:125:in `each'
sprockets (4.2.2) lib/sprockets/manifest.rb:125:in `to_a'
sprockets (4.2.2) lib/sprockets/manifest.rb:125:in `block (2 levels) in find'
concurrent-ruby (1.3.5) lib/concurrent-ruby/concurrent/executor/safe_task_executor.rb:24:in `block in execute'
concurrent-ruby (1.3.5) lib/concurrent-ruby/concurrent/synchronization/mutex_lockable_object.rb:48:in `block in synchronize'
concurrent-ruby (1.3.5) lib/concurrent-ruby/concurrent/synchronization/mutex_lockable_object.rb:48:in `synchronize'
concurrent-ruby (1.3.5) lib/concurrent-ruby/concurrent/synchronization/mutex_lockable_object.rb:48:in `synchronize'
concurrent-ruby (1.3.5) lib/concurrent-ruby/concurrent/executor/safe_task_executor.rb:22:in `execute'
concurrent-ruby (1.3.5) lib/concurrent-ruby/concurrent/promise.rb:564:in `block in realize'
concurrent-ruby (1.3.5) lib/concurrent-ruby/concurrent/executor/ruby_thread_pool_executor.rb:359:in `run_task'
concurrent-ruby (1.3.5) lib/concurrent-ruby/concurrent/executor/ruby_thread_pool_executor.rb:350:in `block (3 levels) in create_worker'
concurrent-ruby (1.3.5) lib/concurrent-ruby/concurrent/executor/ruby_thread_pool_executor.rb:341:in `loop'
concurrent-ruby (1.3.5) lib/concurrent-ruby/concurrent/executor/ruby_thread_pool_executor.rb:341:in `block (2 levels) in create_worker'
concurrent-ruby (1.3.5) lib/concurrent-ruby/concurrent/executor/ruby_thread_pool_executor.rb:340:in `catch'
concurrent-ruby (1.3.5) lib/concurrent-ruby/concurrent/executor/ruby_thread_pool_executor.rb:340:in `block in create_worker'
Started GET "/" for 127.0.0.1 at 2025-08-22 15:23:01 +0100
Processing by GalleriesController#index as HTML
  Rendering layout layouts/application.html.erb
  Rendering galleries/index.html.erb within layouts/application
  [1m[36mGallery Load (18.6ms)[0m  [1m[34mSELECT "galleries".* FROM "galleries" WHERE "galleries"."status" = 1 ORDER BY "galleries"."created_at" DESC /*action='index',application='ImageGalleryApp',controller='galleries'*/[0m
  ↳ app/views/galleries/index.html.erb:9
  Rendered galleries/index.html.erb within layouts/application (Duration: 46.6ms | GC: 0.7ms)
  Rendered layout layouts/application.html.erb (Duration: 242.7ms | GC: 11.1ms)
Completed 500 Internal Server Error in 735ms (ActiveRecord: 406.4ms (1 query, 0 cached) | GC: 12.5ms)


  
ActionView::Template::Error (link_tree argument must be a directory)
Caused by: Sprockets::ArgumentError (link_tree argument must be a directory)

Information for: ActionView::Template::Error (link_tree argument must be a directory):
  
sprockets (4.2.2) lib/sprockets/directive_processor.rb:407:in `expand_relative_dirname'
sprockets (4.2.2) lib/sprockets/directive_processor.rb:359:in `process_link_tree_directive'
sprockets (4.2.2) lib/sprockets/directive_processor.rb:189:in `block in process_directives'
sprockets (4.2.2) lib/sprockets/directive_processor.rb:187:in `each'
sprockets (4.2.2) lib/sprockets/directive_processor.rb:187:in `process_directives'
sprockets (4.2.2) lib/sprockets/directive_processor.rb:84:in `_call'
sprockets (4.2.2) lib/sprockets/directive_processor.rb:65:in `call'
sprockets (4.2.2) lib/sprockets/processor_utils.rb:84:in `call_processor'
sprockets (4.2.2) lib/sprockets/processor_utils.rb:66:in `block in call_processors'
sprockets (4.2.2) lib/sprockets/processor_utils.rb:65:in `reverse_each'
sprockets (4.2.2) lib/sprockets/processor_utils.rb:65:in `call_processors'
sprockets (4.2.2) lib/sprockets/loader.rb:184:in `load_from_unloaded'
sprockets (4.2.2) lib/sprockets/loader.rb:59:in `block in load'
sprockets (4.2.2) lib/sprockets/loader.rb:339:in `fetch_asset_from_dependency_cache'
sprockets (4.2.2) lib/sprockets/loader.rb:43:in `load'
sprockets (4.2.2) lib/sprockets/cached_environment.rb:44:in `block in load'
concurrent-ruby (1.3.5) lib/concurrent-ruby/concurrent/map.rb:207:in `block in fetch_or_store'
concurrent-ruby (1.3.5) lib/concurrent-ruby/concurrent/map.rb:187:in `fetch'
concurrent-ruby (1.3.5) lib/concurrent-ruby/concurrent/map.rb:206:in `fetch_or_store'
sprockets (4.2.2) lib/sprockets/cached_environment.rb:44:in `load'
sprockets (4.2.2) lib/sprockets/bundle.rb:27:in `call'
sprockets (4.2.2) lib/sprockets/processor_utils.rb:84:in `call_processor'
sprockets (4.2.2) lib/sprockets/processor_utils.rb:66:in `block in call_processors'
sprockets (4.2.2) lib/sprockets/processor_utils.rb:65:in `reverse_each'
sprockets (4.2.2) lib/sprockets/processor_utils.rb:65:in `call_processors'
sprockets (4.2.2) lib/sprockets/loader.rb:184:in `load_from_unloaded'
sprockets (4.2.2) lib/sprockets/loader.rb:59:in `block in load'
sprockets (4.2.2) lib/sprockets/loader.rb:339:in `fetch_asset_from_dependency_cache'
sprockets (4.2.2) lib/sprockets/loader.rb:43:in `load'
sprockets (4.2.2) lib/sprockets/cached_environment.rb:44:in `block in load'
concurrent-ruby (1.3.5) lib/concurrent-ruby/concurrent/map.rb:207:in `block in fetch_or_store'
concurrent-ruby (1.3.5) lib/concurrent-ruby/concurrent/map.rb:187:in `fetch'
concurrent-ruby (1.3.5) lib/concurrent-ruby/concurrent/map.rb:206:in `fetch_or_store'
sprockets (4.2.2) lib/sprockets/cached_environment.rb:44:in `load'
sprockets (4.2.2) lib/sprockets/base.rb:81:in `find_asset'
sprockets (4.2.2) lib/sprockets/base.rb:88:in `find_all_linked_assets'
sprockets (4.2.2) lib/sprockets/manifest.rb:125:in `each'
sprockets (4.2.2) lib/sprockets/manifest.rb:125:in `to_a'
sprockets (4.2.2) lib/sprockets/manifest.rb:125:in `block (2 levels) in find'
concurrent-ruby (1.3.5) lib/concurrent-ruby/concurrent/executor/safe_task_executor.rb:24:in `block in execute'
concurrent-ruby (1.3.5) lib/concurrent-ruby/concurrent/synchronization/mutex_lockable_object.rb:48:in `block in synchronize'
concurrent-ruby (1.3.5) lib/concurrent-ruby/concurrent/synchronization/mutex_lockable_object.rb:48:in `synchronize'
concurrent-ruby (1.3.5) lib/concurrent-ruby/concurrent/synchronization/mutex_lockable_object.rb:48:in `synchronize'
concurrent-ruby (1.3.5) lib/concurrent-ruby/concurrent/executor/safe_task_executor.rb:22:in `execute'
concurrent-ruby (1.3.5) lib/concurrent-ruby/concurrent/promise.rb:564:in `block in realize'
concurrent-ruby (1.3.5) lib/concurrent-ruby/concurrent/executor/ruby_thread_pool_executor.rb:359:in `run_task'
concurrent-ruby (1.3.5) lib/concurrent-ruby/concurrent/executor/ruby_thread_pool_executor.rb:350:in `block (3 levels) in create_worker'
concurrent-ruby (1.3.5) lib/concurrent-ruby/concurrent/executor/ruby_thread_pool_executor.rb:341:in `loop'
concurrent-ruby (1.3.5) lib/concurrent-ruby/concurrent/executor/ruby_thread_pool_executor.rb:341:in `block (2 levels) in create_worker'
concurrent-ruby (1.3.5) lib/concurrent-ruby/concurrent/executor/ruby_thread_pool_executor.rb:340:in `catch'
concurrent-ruby (1.3.5) lib/concurrent-ruby/concurrent/executor/ruby_thread_pool_executor.rb:340:in `block in create_worker'

Information for cause: Sprockets::ArgumentError (link_tree argument must be a directory):
  
sprockets (4.2.2) lib/sprockets/directive_processor.rb:407:in `expand_relative_dirname'
sprockets (4.2.2) lib/sprockets/directive_processor.rb:359:in `process_link_tree_directive'
sprockets (4.2.2) lib/sprockets/directive_processor.rb:189:in `block in process_directives'
sprockets (4.2.2) lib/sprockets/directive_processor.rb:187:in `each'
sprockets (4.2.2) lib/sprockets/directive_processor.rb:187:in `process_directives'
sprockets (4.2.2) lib/sprockets/directive_processor.rb:84:in `_call'
sprockets (4.2.2) lib/sprockets/directive_processor.rb:65:in `call'
sprockets (4.2.2) lib/sprockets/processor_utils.rb:84:in `call_processor'
sprockets (4.2.2) lib/sprockets/processor_utils.rb:66:in `block in call_processors'
sprockets (4.2.2) lib/sprockets/processor_utils.rb:65:in `reverse_each'
sprockets (4.2.2) lib/sprockets/processor_utils.rb:65:in `call_processors'
sprockets (4.2.2) lib/sprockets/loader.rb:184:in `load_from_unloaded'
sprockets (4.2.2) lib/sprockets/loader.rb:59:in `block in load'
sprockets (4.2.2) lib/sprockets/loader.rb:339:in `fetch_asset_from_dependency_cache'
sprockets (4.2.2) lib/sprockets/loader.rb:43:in `load'
sprockets (4.2.2) lib/sprockets/cached_environment.rb:44:in `block in load'
concurrent-ruby (1.3.5) lib/concurrent-ruby/concurrent/map.rb:207:in `block in fetch_or_store'
concurrent-ruby (1.3.5) lib/concurrent-ruby/concurrent/map.rb:187:in `fetch'
concurrent-ruby (1.3.5) lib/concurrent-ruby/concurrent/map.rb:206:in `fetch_or_store'
sprockets (4.2.2) lib/sprockets/cached_environment.rb:44:in `load'
sprockets (4.2.2) lib/sprockets/bundle.rb:27:in `call'
sprockets (4.2.2) lib/sprockets/processor_utils.rb:84:in `call_processor'
sprockets (4.2.2) lib/sprockets/processor_utils.rb:66:in `block in call_processors'
sprockets (4.2.2) lib/sprockets/processor_utils.rb:65:in `reverse_each'
sprockets (4.2.2) lib/sprockets/processor_utils.rb:65:in `call_processors'
sprockets (4.2.2) lib/sprockets/loader.rb:184:in `load_from_unloaded'
sprockets (4.2.2) lib/sprockets/loader.rb:59:in `block in load'
sprockets (4.2.2) lib/sprockets/loader.rb:339:in `fetch_asset_from_dependency_cache'
sprockets (4.2.2) lib/sprockets/loader.rb:43:in `load'
sprockets (4.2.2) lib/sprockets/cached_environment.rb:44:in `block in load'
concurrent-ruby (1.3.5) lib/concurrent-ruby/concurrent/map.rb:207:in `block in fetch_or_store'
concurrent-ruby (1.3.5) lib/concurrent-ruby/concurrent/map.rb:187:in `fetch'
concurrent-ruby (1.3.5) lib/concurrent-ruby/concurrent/map.rb:206:in `fetch_or_store'
sprockets (4.2.2) lib/sprockets/cached_environment.rb:44:in `load'
sprockets (4.2.2) lib/sprockets/base.rb:81:in `find_asset'
sprockets (4.2.2) lib/sprockets/base.rb:88:in `find_all_linked_assets'
sprockets (4.2.2) lib/sprockets/manifest.rb:125:in `each'
sprockets (4.2.2) lib/sprockets/manifest.rb:125:in `to_a'
sprockets (4.2.2) lib/sprockets/manifest.rb:125:in `block (2 levels) in find'
concurrent-ruby (1.3.5) lib/concurrent-ruby/concurrent/executor/safe_task_executor.rb:24:in `block in execute'
concurrent-ruby (1.3.5) lib/concurrent-ruby/concurrent/synchronization/mutex_lockable_object.rb:48:in `block in synchronize'
concurrent-ruby (1.3.5) lib/concurrent-ruby/concurrent/synchronization/mutex_lockable_object.rb:48:in `synchronize'
concurrent-ruby (1.3.5) lib/concurrent-ruby/concurrent/synchronization/mutex_lockable_object.rb:48:in `synchronize'
concurrent-ruby (1.3.5) lib/concurrent-ruby/concurrent/executor/safe_task_executor.rb:22:in `execute'
concurrent-ruby (1.3.5) lib/concurrent-ruby/concurrent/promise.rb:564:in `block in realize'
concurrent-ruby (1.3.5) lib/concurrent-ruby/concurrent/executor/ruby_thread_pool_executor.rb:359:in `run_task'
concurrent-ruby (1.3.5) lib/concurrent-ruby/concurrent/executor/ruby_thread_pool_executor.rb:350:in `block (3 levels) in create_worker'
concurrent-ruby (1.3.5) lib/concurrent-ruby/concurrent/executor/ruby_thread_pool_executor.rb:341:in `loop'
concurrent-ruby (1.3.5) lib/concurrent-ruby/concurrent/executor/ruby_thread_pool_executor.rb:341:in `block (2 levels) in create_worker'
concurrent-ruby (1.3.5) lib/concurrent-ruby/concurrent/executor/ruby_thread_pool_executor.rb:340:in `catch'
concurrent-ruby (1.3.5) lib/concurrent-ruby/concurrent/executor/ruby_thread_pool_executor.rb:340:in `block in create_worker'
Started GET "/" for 127.0.0.1 at 2025-08-22 15:31:24 +0100
Processing by GalleriesController#index as HTML
  Rendering layout layouts/application.html.erb
  Rendering galleries/index.html.erb within layouts/application
  [1m[36mGallery Load (104.7ms)[0m  [1m[34mSELECT "galleries".* FROM "galleries" WHERE "galleries"."status" = 1 ORDER BY "galleries"."created_at" DESC /*action='index',application='ImageGalleryApp',controller='galleries'*/[0m
  ↳ app/views/galleries/index.html.erb:9
  Rendered galleries/index.html.erb within layouts/application (Duration: 151.9ms | GC: 3.2ms)
  Rendered layout layouts/application.html.erb (Duration: 310.3ms | GC: 16.7ms)
Completed 500 Internal Server Error in 340ms (ActiveRecord: 175.5ms (1 query, 0 cached) | GC: 16.7ms)


  
ActionView::Template::Error (Asset `controllers/application.js` was not declared to be precompiled in production.
Declare links to your assets in `app/assets/config/manifest.js`.

  //= link controllers/application.js

and restart your server)
Caused by: Sprockets::Rails::Helper::AssetNotPrecompiledError (Asset `controllers/application.js` was not declared to be precompiled in production.
Declare links to your assets in `app/assets/config/manifest.js`.

  //= link controllers/application.js

and restart your server)

Information for: ActionView::Template::Error (Asset `controllers/application.js` was not declared to be precompiled in production.
Declare links to your assets in `app/assets/config/manifest.js`.

  //= link controllers/application.js

and restart your server):
     7:     <%= csp_meta_tag %>
     8:     
     9:     <%= stylesheet_link_tag "application", "data-turbo-track": "reload" %>
    10:     <%= javascript_importmap_tags %>
    11:     
    12:     <link href="https://cdn.jsdelivr.net/npm/bootstrap@5.1.3/dist/css/bootstrap.min.css" rel="stylesheet">
    13:     <link href="https://cdnjs.cloudflare.com/ajax/libs/font-awesome/6.0.0/css/all.min.css" rel="stylesheet">
  
app/views/layouts/application.html.erb:10

Information for cause: Sprockets::Rails::Helper::AssetNotPrecompiledError (Asset `controllers/application.js` was not declared to be precompiled in production.
Declare links to your assets in `app/assets/config/manifest.js`.

  //= link controllers/application.js

and restart your server):
  
app/views/layouts/application.html.erb:10
Started GET "/" for 127.0.0.1 at 2025-08-22 15:41:13 +0100
Processing by GalleriesController#index as HTML
  Rendering layout layouts/application.html.erb
  Rendering galleries/index.html.erb within layouts/application
  [1m[36mGallery Load (226.4ms)[0m  [1m[34mSELECT "galleries".* FROM "galleries" WHERE "galleries"."status" = 1 ORDER BY "galleries"."created_at" DESC /*action='index',application='ImageGalleryApp',controller='galleries'*/[0m
  ↳ app/views/galleries/index.html.erb:9
  Rendered galleries/index.html.erb within layouts/application (Duration: 362.0ms | GC: 0.0ms)
  Rendered layout layouts/application.html.erb (Duration: 2355.1ms | GC: 0.0ms)
Completed 500 Internal Server Error in 2406ms (ActiveRecord: 347.8ms (1 query, 0 cached) | GC: 0.0ms)


  
ActionView::Template::Error (Asset `controllers/application.js` was not declared to be precompiled in production.
Declare links to your assets in `app/assets/config/manifest.js`.

  //= link controllers/application.js

and restart your server)
Caused by: Sprockets::Rails::Helper::AssetNotPrecompiledError (Asset `controllers/application.js` was not declared to be precompiled in production.
Declare links to your assets in `app/assets/config/manifest.js`.

  //= link controllers/application.js

and restart your server)

Information for: ActionView::Template::Error (Asset `controllers/application.js` was not declared to be precompiled in production.
Declare links to your assets in `app/assets/config/manifest.js`.

  //= link controllers/application.js

and restart your server):
     7:     <%= csp_meta_tag %>
     8:     
     9:     <%= stylesheet_link_tag "application", "data-turbo-track": "reload" %>
    10:     <%= javascript_importmap_tags %>
    11:     
    12:     <link href="https://cdn.jsdelivr.net/npm/bootstrap@5.1.3/dist/css/bootstrap.min.css" rel="stylesheet">
    13:     <link href="https://cdnjs.cloudflare.com/ajax/libs/font-awesome/6.0.0/css/all.min.css" rel="stylesheet">
  
app/views/layouts/application.html.erb:10

Information for cause: Sprockets::Rails::Helper::AssetNotPrecompiledError (Asset `controllers/application.js` was not declared to be precompiled in production.
Declare links to your assets in `app/assets/config/manifest.js`.

  //= link controllers/application.js

and restart your server):
  
app/views/layouts/application.html.erb:10
Started GET "/" for 127.0.0.1 at 2025-08-22 15:45:02 +0100
Processing by GalleriesController#index as HTML
  Rendering layout layouts/application.html.erb
  Rendering galleries/index.html.erb within layouts/application
  [1m[36mGallery Load (0.4ms)[0m  [1m[34mSELECT "galleries".* FROM "galleries" WHERE "galleries"."status" = 1 ORDER BY "galleries"."created_at" DESC /*action='index',application='ImageGalleryApp',controller='galleries'*/[0m
  ↳ app/views/galleries/index.html.erb:9
  Rendered galleries/index.html.erb within layouts/application (Duration: 13.4ms | GC: 0.0ms)
  Rendered layout layouts/application.html.erb (Duration: 60.8ms | GC: 0.0ms)
Completed 200 OK in 145ms (Views: 62.4ms | ActiveRecord: 65.1ms (1 query, 0 cached) | GC: 0.0ms)


Started GET "/assets/application-b6e28d34a8fd8f9ba38a11d469a738e0c34035af2cc4deff89aa6783d3747818.css" for 127.0.0.1 at 2025-08-22 15:45:03 +0100
Started GET "/assets/application-3897b39d0f7fe7e947af9b84a1e1304bb30eb1dadb983104797d0a5e26a08736.js" for 127.0.0.1 at 2025-08-22 15:45:03 +0100
Started GET "/assets/controllers/application-368d98631bccbf2349e0d4f8269afb3fe9625118341966de054759d96ea86c7e.js" for 127.0.0.1 at 2025-08-22 15:45:03 +0100
Started GET "/assets/controllers/hello_controller-549135e8e7c683a538c3d6d517339ba470fcfb79d62f738a0a089ba41851a554.js" for 127.0.0.1 at 2025-08-22 15:45:03 +0100
Started GET "/assets/controllers/index-31a9bee606cbc5cdb1593881f388bbf4c345bf693ea24e124f84b6d5c98ab648.js" for 127.0.0.1 at 2025-08-22 15:45:03 +0100
Started GET "/assets/stimulus-loading-3576ce92b149ad5d6959438c6f291e2426c86df3b874c525b30faad51b0d96b3.js" for 127.0.0.1 at 2025-08-22 15:45:03 +0100
Started GET "/assets/stimulus.min-dd364f16ec9504dfb72672295637a1c8838773b01c0b441bd41008124c407894.js" for 127.0.0.1 at 2025-08-22 15:45:03 +0100
Started GET "/assets/turbo.min-38d030897e3554a265d3a3b6bdf4fb7509b08197ba2b6e3761683c07e776c1bc.js" for 127.0.0.1 at 2025-08-22 15:45:03 +0100
